This file contains any messages produced by compilers while
running configure, to aid debugging if configure makes a mistake.

It was created by pr2 configure 1.0, which was
generated by GNU Autoconf 2.69.  Invocation command line was

  $ ./configure 

## --------- ##
## Platform. ##
## --------- ##

hostname = sergey-X200MA
uname -m = x86_64
uname -r = 4.8.0-53-generic
uname -s = Linux
uname -v = #56~16.04.1-Ubuntu SMP Tue May 16 01:18:56 UTC 2017

/usr/bin/uname -p = unknown
/bin/uname -X     = unknown

/bin/arch              = unknown
/usr/bin/arch -k       = unknown
/usr/convex/getsysinfo = unknown
/usr/bin/hostinfo      = unknown
/bin/machine           = unknown
/usr/bin/oslevel       = unknown
/bin/universe          = unknown

PATH: /usr/local/sbin
PATH: /usr/local/bin
PATH: /usr/sbin
PATH: /usr/bin
PATH: /sbin
PATH: /bin
PATH: /snap/bin


## ----------- ##
## Core tests. ##
## ----------- ##

configure:2189: checking for a BSD-compatible install
configure:2257: result: /usr/bin/install -c
configure:2268: checking whether build environment is sane
configure:2323: result: yes
configure:2474: checking for a thread-safe mkdir -p
configure:2513: result: /bin/mkdir -p
configure:2520: checking for gawk
configure:2536: found /usr/bin/gawk
configure:2547: result: gawk
configure:2558: checking whether make sets $(MAKE)
configure:2580: result: yes
configure:2609: checking whether make supports nested variables
configure:2626: result: yes
configure:2813: checking for g++
configure:2829: found /usr/bin/g++
configure:2840: result: g++
configure:2867: checking for C++ compiler version
configure:2876: g++ --version >&5
g++ (Ubuntu 5.4.0-6ubuntu1~16.04.5) 5.4.0 20160609
Copyright (C) 2015 Free Software Foundation, Inc.
This is free software; see the source for copying conditions.  There is NO
warranty; not even for MERCHANTABILITY or FITNESS FOR A PARTICULAR PURPOSE.

configure:2887: $? = 0
configure:2876: g++ -v >&5
Using built-in specs.
COLLECT_GCC=g++
COLLECT_LTO_WRAPPER=/usr/lib/gcc/x86_64-linux-gnu/5/lto-wrapper
Target: x86_64-linux-gnu
Configured with: ../src/configure -v --with-pkgversion='Ubuntu 5.4.0-6ubuntu1~16.04.5' --with-bugurl=file:///usr/share/doc/gcc-5/README.Bugs --enable-languages=c,ada,c++,java,go,d,fortran,objc,obj-c++ --prefix=/usr --program-suffix=-5 --enable-shared --enable-linker-build-id --libexecdir=/usr/lib --without-included-gettext --enable-threads=posix --libdir=/usr/lib --enable-nls --with-sysroot=/ --enable-clocale=gnu --enable-libstdcxx-debug --enable-libstdcxx-time=yes --with-default-libstdcxx-abi=new --enable-gnu-unique-object --disable-vtable-verify --enable-libmpx --enable-plugin --with-system-zlib --disable-browser-plugin --enable-java-awt=gtk --enable-gtk-cairo --with-java-home=/usr/lib/jvm/java-1.5.0-gcj-5-amd64/jre --enable-java-home --with-jvm-root-dir=/usr/lib/jvm/java-1.5.0-gcj-5-amd64 --with-jvm-jar-dir=/usr/lib/jvm-exports/java-1.5.0-gcj-5-amd64 --with-arch-directory=amd64 --with-ecj-jar=/usr/share/java/eclipse-ecj.jar --enable-objc-gc --enable-multiarch --disable-werror --with-arch-32=i686 --with-abi=m64 --with-multilib-list=m32,m64,mx32 --enable-multilib --with-tune=generic --enable-checking=release --build=x86_64-linux-gnu --host=x86_64-linux-gnu --target=x86_64-linux-gnu
Thread model: posix
gcc version 5.4.0 20160609 (Ubuntu 5.4.0-6ubuntu1~16.04.5) 
configure:2887: $? = 0
configure:2876: g++ -V >&5
g++: error: unrecognized command line option '-V'
g++: fatal error: no input files
compilation terminated.
configure:2887: $? = 1
configure:2876: g++ -qversion >&5
g++: error: unrecognized command line option '-qversion'
g++: fatal error: no input files
compilation terminated.
configure:2887: $? = 1
configure:2907: checking whether the C++ compiler works
configure:2929: g++    conftest.cpp  >&5
configure:2933: $? = 0
configure:2981: result: yes
configure:2984: checking for C++ compiler default output file name
configure:2986: result: a.out
configure:2992: checking for suffix of executables
configure:2999: g++ -o conftest    conftest.cpp  >&5
configure:3003: $? = 0
configure:3025: result: 
configure:3047: checking whether we are cross compiling
configure:3055: g++ -o conftest    conftest.cpp  >&5
configure:3059: $? = 0
configure:3066: ./conftest
configure:3070: $? = 0
configure:3085: result: no
configure:3090: checking for suffix of object files
configure:3112: g++ -c   conftest.cpp >&5
configure:3116: $? = 0
configure:3137: result: o
configure:3141: checking whether we are using the GNU C++ compiler
configure:3160: g++ -c   conftest.cpp >&5
configure:3160: $? = 0
configure:3169: result: yes
configure:3178: checking whether g++ accepts -g
configure:3198: g++ -c -g  conftest.cpp >&5
configure:3198: $? = 0
configure:3239: result: yes
configure:3273: checking for style of include used by make
configure:3301: result: GNU
configure:3327: checking dependency style of g++
configure:3438: result: gcc3
configure:3505: checking for gcc
configure:3521: found /usr/bin/gcc
configure:3532: result: gcc
configure:3761: checking for C compiler version
configure:3770: gcc --version >&5
gcc (Ubuntu 5.4.0-6ubuntu1~16.04.5) 5.4.0 20160609
Copyright (C) 2015 Free Software Foundation, Inc.
This is free software; see the source for copying conditions.  There is NO
warranty; not even for MERCHANTABILITY or FITNESS FOR A PARTICULAR PURPOSE.

configure:3781: $? = 0
configure:3770: gcc -v >&5
Using built-in specs.
COLLECT_GCC=gcc
COLLECT_LTO_WRAPPER=/usr/lib/gcc/x86_64-linux-gnu/5/lto-wrapper
Target: x86_64-linux-gnu
Configured with: ../src/configure -v --with-pkgversion='Ubuntu 5.4.0-6ubuntu1~16.04.5' --with-bugurl=file:///usr/share/doc/gcc-5/README.Bugs --enable-languages=c,ada,c++,java,go,d,fortran,objc,obj-c++ --prefix=/usr --program-suffix=-5 --enable-shared --enable-linker-build-id --libexecdir=/usr/lib --without-included-gettext --enable-threads=posix --libdir=/usr/lib --enable-nls --with-sysroot=/ --enable-clocale=gnu --enable-libstdcxx-debug --enable-libstdcxx-time=yes --with-default-libstdcxx-abi=new --enable-gnu-unique-object --disable-vtable-verify --enable-libmpx --enable-plugin --with-system-zlib --disable-browser-plugin --enable-java-awt=gtk --enable-gtk-cairo --with-java-home=/usr/lib/jvm/java-1.5.0-gcj-5-amd64/jre --enable-java-home --with-jvm-root-dir=/usr/lib/jvm/java-1.5.0-gcj-5-amd64 --with-jvm-jar-dir=/usr/lib/jvm-exports/java-1.5.0-gcj-5-amd64 --with-arch-directory=amd64 --with-ecj-jar=/usr/share/java/eclipse-ecj.jar --enable-objc-gc --enable-multiarch --disable-werror --with-arch-32=i686 --with-abi=m64 --with-multilib-list=m32,m64,mx32 --enable-multilib --with-tune=generic --enable-checking=release --build=x86_64-linux-gnu --host=x86_64-linux-gnu --target=x86_64-linux-gnu
Thread model: posix
gcc version 5.4.0 20160609 (Ubuntu 5.4.0-6ubuntu1~16.04.5) 
configure:3781: $? = 0
configure:3770: gcc -V >&5
gcc: error: unrecognized command line option '-V'
gcc: fatal error: no input files
compilation terminated.
configure:3781: $? = 1
configure:3770: gcc -qversion >&5
gcc: error: unrecognized command line option '-qversion'
gcc: fatal error: no input files
compilation terminated.
configure:3781: $? = 1
configure:3785: checking whether we are using the GNU C compiler
configure:3804: gcc -c   conftest.c >&5
configure:3804: $? = 0
configure:3813: result: yes
configure:3822: checking whether gcc accepts -g
configure:3842: gcc -c -g  conftest.c >&5
configure:3842: $? = 0
configure:3883: result: yes
configure:3900: checking for gcc option to accept ISO C89
configure:3963: gcc  -c -g -O2  conftest.c >&5
configure:3963: $? = 0
configure:3976: result: none needed
configure:4001: checking whether gcc understands -c and -o together
configure:4023: gcc -c conftest.c -o conftest2.o
configure:4026: $? = 0
configure:4023: gcc -c conftest.c -o conftest2.o
configure:4026: $? = 0
configure:4038: result: yes
configure:4057: checking dependency style of gcc
configure:4168: result: gcc3
configure:4189: checking how to run the C preprocessor
configure:4220: gcc -E  conftest.c
configure:4220: $? = 0
configure:4234: gcc -E  conftest.c
conftest.c:11:28: fatal error: ac_nonexistent.h: No such file or directory
compilation terminated.
configure:4234: $? = 1
configure: failed program was:
| /* confdefs.h */
| #define PACKAGE_NAME "pr2"
| #define PACKAGE_TARNAME "pr2"
| #define PACKAGE_VERSION "1.0"
| #define PACKAGE_STRING "pr2 1.0"
| #define PACKAGE_BUGREPORT "pr2@bigbug.ru"
| #define PACKAGE_URL ""
| #define PACKAGE "pr2"
| #define VERSION "1.0"
| /* end confdefs.h.  */
| #include <ac_nonexistent.h>
configure:4259: result: gcc -E
configure:4279: gcc -E  conftest.c
configure:4279: $? = 0
configure:4293: gcc -E  conftest.c
conftest.c:11:28: fatal error: ac_nonexistent.h: No such file or directory
compilation terminated.
configure:4293: $? = 1
configure: failed program was:
| /* confdefs.h */
| #define PACKAGE_NAME "pr2"
| #define PACKAGE_TARNAME "pr2"
| #define PACKAGE_VERSION "1.0"
| #define PACKAGE_STRING "pr2 1.0"
| #define PACKAGE_BUGREPORT "pr2@bigbug.ru"
| #define PACKAGE_URL ""
| #define PACKAGE "pr2"
| #define VERSION "1.0"
| /* end confdefs.h.  */
| #include <ac_nonexistent.h>
configure:4322: checking for grep that handles long lines and -e
configure:4380: result: /bin/grep
configure:4385: checking for egrep
configure:4447: result: /bin/grep -E
configure:4452: checking for ANSI C header files
configure:4472: gcc -c -g -O2  conftest.c >&5
configure:4472: $? = 0
configure:4545: gcc -o conftest -g -O2   conftest.c  >&5
configure:4545: $? = 0
configure:4545: ./conftest
configure:4545: $? = 0
configure:4556: result: yes
configure:4569: checking for sys/types.h
configure:4569: gcc -c -g -O2  conftest.c >&5
configure:4569: $? = 0
configure:4569: result: yes
configure:4569: checking for sys/stat.h
configure:4569: gcc -c -g -O2  conftest.c >&5
configure:4569: $? = 0
configure:4569: result: yes
configure:4569: checking for stdlib.h
configure:4569: gcc -c -g -O2  conftest.c >&5
configure:4569: $? = 0
configure:4569: result: yes
configure:4569: checking for string.h
configure:4569: gcc -c -g -O2  conftest.c >&5
configure:4569: $? = 0
configure:4569: result: yes
configure:4569: checking for memory.h
configure:4569: gcc -c -g -O2  conftest.c >&5
configure:4569: $? = 0
configure:4569: result: yes
configure:4569: checking for strings.h
configure:4569: gcc -c -g -O2  conftest.c >&5
configure:4569: $? = 0
configure:4569: result: yes
configure:4569: checking for inttypes.h
configure:4569: gcc -c -g -O2  conftest.c >&5
configure:4569: $? = 0
configure:4569: result: yes
configure:4569: checking for stdint.h
configure:4569: gcc -c -g -O2  conftest.c >&5
configure:4569: $? = 0
configure:4569: result: yes
configure:4569: checking for unistd.h
configure:4569: gcc -c -g -O2  conftest.c >&5
configure:4569: $? = 0
configure:4569: result: yes
configure:4584: checking limits.h usability
configure:4584: gcc -c -g -O2  conftest.c >&5
configure:4584: $? = 0
configure:4584: result: yes
configure:4584: checking limits.h presence
configure:4584: gcc -E  conftest.c
configure:4584: $? = 0
configure:4584: result: yes
configure:4584: checking for limits.h
configure:4584: result: yes
configure:4584: checking for unistd.h
configure:4584: result: yes
configure:4596: checking for stdbool.h that conforms to C99
configure:4663: gcc -c -g -O2  conftest.c >&5
configure:4663: $? = 0
configure:4670: result: yes
configure:4672: checking for _Bool
configure:4672: gcc -c -g -O2  conftest.c >&5
configure:4672: $? = 0
configure:4672: gcc -c -g -O2  conftest.c >&5
conftest.c: In function 'main':
conftest.c:59:20: error: expected expression before ')' token
 if (sizeof ((_Bool)))
                    ^
configure:4672: $? = 1
configure: failed program was:
| /* confdefs.h */
| #define PACKAGE_NAME "pr2"
| #define PACKAGE_TARNAME "pr2"
| #define PACKAGE_VERSION "1.0"
| #define PACKAGE_STRING "pr2 1.0"
| #define PACKAGE_BUGREPORT "pr2@bigbug.ru"
| #define PACKAGE_URL ""
| #define PACKAGE "pr2"
| #define VERSION "1.0"
| #define STDC_HEADERS 1
| #define HAVE_SYS_TYPES_H 1
| #define HAVE_SYS_STAT_H 1
| #define HAVE_STDLIB_H 1
| #define HAVE_STRING_H 1
| #define HAVE_MEMORY_H 1
| #define HAVE_STRINGS_H 1
| #define HAVE_INTTYPES_H 1
| #define HAVE_STDINT_H 1
| #define HAVE_UNISTD_H 1
| #define HAVE_LIMITS_H 1
| #define HAVE_UNISTD_H 1
| /* end confdefs.h.  */
| #include <stdio.h>
| #ifdef HAVE_SYS_TYPES_H
| # include <sys/types.h>
| #endif
| #ifdef HAVE_SYS_STAT_H
| # include <sys/stat.h>
| #endif
| #ifdef STDC_HEADERS
| # include <stdlib.h>
| # include <stddef.h>
| #else
| # ifdef HAVE_STDLIB_H
| #  include <stdlib.h>
| # endif
| #endif
| #ifdef HAVE_STRING_H
| # if !defined STDC_HEADERS && defined HAVE_MEMORY_H
| #  include <memory.h>
| # endif
| # include <string.h>
| #endif
| #ifdef HAVE_STRINGS_H
| # include <strings.h>
| #endif
| #ifdef HAVE_INTTYPES_H
| # include <inttypes.h>
| #endif
| #ifdef HAVE_STDINT_H
| # include <stdint.h>
| #endif
| #ifdef HAVE_UNISTD_H
| # include <unistd.h>
| #endif
| int
| main ()
| {
| if (sizeof ((_Bool)))
| 	    return 0;
|   ;
|   return 0;
| }
configure:4672: result: yes
configure:4833: checking that generated files are newer than configure
configure:4839: result: done
configure:4866: creating ./config.status

## ---------------------- ##
## Running config.status. ##
## ---------------------- ##

This file was extended by pr2 config.status 1.0, which was
generated by GNU Autoconf 2.69.  Invocation command line was

  CONFIG_FILES    = 
  CONFIG_HEADERS  = 
  CONFIG_LINKS    = 
  CONFIG_COMMANDS = 
  $ ./config.status 

on sergey-X200MA

config.status:784: creating Makefile
config.status:784: creating src/Makefile
config.status:956: executing depfiles commands

## ---------------- ##
## Cache variables. ##
## ---------------- ##

ac_cv_c_compiler_gnu=yes
ac_cv_cxx_compiler_gnu=yes
ac_cv_env_CCC_set=
ac_cv_env_CCC_value=
ac_cv_env_CC_set=
ac_cv_env_CC_value=
ac_cv_env_CFLAGS_set=
ac_cv_env_CFLAGS_value=
ac_cv_env_CPPFLAGS_set=
ac_cv_env_CPPFLAGS_value=
ac_cv_env_CPP_set=
ac_cv_env_CPP_value=
ac_cv_env_CXXFLAGS_set=
ac_cv_env_CXXFLAGS_value=
ac_cv_env_CXX_set=
ac_cv_env_CXX_value=
ac_cv_env_LDFLAGS_set=
ac_cv_env_LDFLAGS_value=
ac_cv_env_LIBS_set=
ac_cv_env_LIBS_value=
ac_cv_env_build_alias_set=
ac_cv_env_build_alias_value=
ac_cv_env_host_alias_set=
ac_cv_env_host_alias_value=
ac_cv_env_target_alias_set=
ac_cv_env_target_alias_value=
ac_cv_header_inttypes_h=yes
ac_cv_header_limits_h=yes
ac_cv_header_memory_h=yes
ac_cv_header_stdbool_h=yes
ac_cv_header_stdc=yes
ac_cv_header_stdint_h=yes
ac_cv_header_stdlib_h=yes
ac_cv_header_string_h=yes
ac_cv_header_strings_h=yes
ac_cv_header_sys_stat_h=yes
ac_cv_header_sys_types_h=yes
ac_cv_header_unistd_h=yes
ac_cv_objext=o
ac_cv_path_EGREP='/bin/grep -E'
ac_cv_path_GREP=/bin/grep
ac_cv_path_install='/usr/bin/install -c'
ac_cv_path_mkdir=/bin/mkdir
ac_cv_prog_AWK=gawk
ac_cv_prog_CPP='gcc -E'
ac_cv_prog_ac_ct_CC=gcc
ac_cv_prog_ac_ct_CXX=g++
ac_cv_prog_cc_c89=
ac_cv_prog_cc_g=yes
ac_cv_prog_cxx_g=yes
ac_cv_prog_make_make_set=yes
ac_cv_type__Bool=yes
am_cv_CC_dependencies_compiler_type=gcc3
am_cv_CXX_dependencies_compiler_type=gcc3
am_cv_make_support_nested_variables=yes
am_cv_prog_cc_c_o=yes

## ----------------- ##
## Output variables. ##
## ----------------- ##

ACLOCAL='${SHELL} "/home/sergey/Рабочий стол/antoha-pr-2/missing" aclocal-1.15'
AMDEPBACKSLASH='\'
AMDEP_FALSE='#'
AMDEP_TRUE=''
AMTAR='$${TAR-tar}'
AM_BACKSLASH='\'
AM_DEFAULT_V='$(AM_DEFAULT_VERBOSITY)'
AM_DEFAULT_VERBOSITY='1'
AM_V='$(V)'
AUTOCONF='${SHELL} "/home/sergey/Рабочий стол/antoha-pr-2/missing" autoconf'
AUTOHEADER='${SHELL} "/home/sergey/Рабочий стол/antoha-pr-2/missing" autoheader'
AUTOMAKE='${SHELL} "/home/sergey/Рабочий стол/antoha-pr-2/missing" automake-1.15'
AWK='gawk'
CC='gcc'
CCDEPMODE='depmode=gcc3'
CFLAGS='-g -O2'
CPP='gcc -E'
CPPFLAGS=''
CXX='g++'
CXXDEPMODE='depmode=gcc3'
CXXFLAGS='-g -O2'
CYGPATH_W='echo'
DEFS='-DPACKAGE_NAME=\"pr2\" -DPACKAGE_TARNAME=\"pr2\" -DPACKAGE_VERSION=\"1.0\" -DPACKAGE_STRING=\"pr2\ 1.0\" -DPACKAGE_BUGREPORT=\"pr2@bigbug.ru\" -DPACKAGE_URL=\"\" -DPACKAGE=\"pr2\" -DVERSION=\"1.0\" -DSTDC_HEADERS=1 -DHAVE_SYS_TYPES_H=1 -DHAVE_SYS_STAT_H=1 -DHAVE_STDLIB_H=1 -DHAVE_STRING_H=1 -DHAVE_MEMORY_H=1 -DHAVE_STRINGS_H=1 -DHAVE_INTTYPES_H=1 -DHAVE_STDINT_H=1 -DHAVE_UNISTD_H=1 -DHAVE_LIMITS_H=1 -DHAVE_UNISTD_H=1 -DHAVE__BOOL=1'
DEPDIR='.deps'
ECHO_C=''
ECHO_N='-n'
ECHO_T=''
EGREP='/bin/grep -E'
EXEEXT=''
GREP='/bin/grep'
INSTALL_DATA='${INSTALL} -m 644'
INSTALL_PROGRAM='${INSTALL}'
INSTALL_SCRIPT='${INSTALL}'
INSTALL_STRIP_PROGRAM='$(install_sh) -c -s'
LDFLAGS=''
LIBOBJS=''
LIBS=''
LTLIBOBJS=''
MAKEINFO='${SHELL} "/home/sergey/Рабочий стол/antoha-pr-2/missing" makeinfo'
MKDIR_P='/bin/mkdir -p'
OBJEXT='o'
PACKAGE='pr2'
PACKAGE_BUGREPORT='pr2@bigbug.ru'
PACKAGE_NAME='pr2'
PACKAGE_STRING='pr2 1.0'
PACKAGE_TARNAME='pr2'
PACKAGE_URL=''
PACKAGE_VERSION='1.0'
PATH_SEPARATOR=':'
SET_MAKE=''
SHELL='/bin/bash'
STRIP=''
VERSION='1.0'
ac_ct_CC='gcc'
ac_ct_CXX='g++'
am__EXEEXT_FALSE=''
am__EXEEXT_TRUE='#'
am__fastdepCC_FALSE='#'
am__fastdepCC_TRUE=''
am__fastdepCXX_FALSE='#'
am__fastdepCXX_TRUE=''
am__include='include'
am__isrc=''
am__leading_dot='.'
am__nodep='_no'
am__quote=''
am__tar='$${TAR-tar} chof - "$$tardir"'
am__untar='$${TAR-tar} xf -'
bindir='${exec_prefix}/bin'
build_alias=''
datadir='${datarootdir}'
datarootdir='${prefix}/share'
docdir='${datarootdir}/doc/${PACKAGE_TARNAME}'
dvidir='${docdir}'
exec_prefix='${prefix}'
host_alias=''
htmldir='${docdir}'
includedir='${prefix}/include'
infodir='${datarootdir}/info'
install_sh='${SHELL} '\''/home/sergey/Рабочий стол/antoha-pr-2/install-sh'\'''
libdir='${exec_prefix}/lib'
libexecdir='${exec_prefix}/libexec'
localedir='${datarootdir}/locale'
localstatedir='${prefix}/var'
mandir='${datarootdir}/man'
mkdir_p='$(MKDIR_P)'
oldincludedir='/usr/include'
pdfdir='${docdir}'
prefix='/usr/local'
program_transform_name='s,x,x,'
psdir='${docdir}'
runstatedir='${localstatedir}/run'
sbindir='${exec_prefix}/sbin'
sharedstatedir='${prefix}/com'
sysconfdir='${prefix}/etc'
target_alias=''

## ----------- ##
## confdefs.h. ##
## ----------- ##

/* confdefs.h */
#define PACKAGE_NAME "pr2"
#define PACKAGE_TARNAME "pr2"
#define PACKAGE_VERSION "1.0"
#define PACKAGE_STRING "pr2 1.0"
#define PACKAGE_BUGREPORT "pr2@bigbug.ru"
#define PACKAGE_URL ""
#define PACKAGE "pr2"
#define VERSION "1.0"
#define STDC_HEADERS 1
#define HAVE_SYS_TYPES_H 1
#define HAVE_SYS_STAT_H 1
#define HAVE_STDLIB_H 1
#define HAVE_STRING_H 1
#define HAVE_MEMORY_H 1
#define HAVE_STRINGS_H 1
#define HAVE_INTTYPES_H 1
#define HAVE_STDINT_H 1
#define HAVE_UNISTD_H 1
#define HAVE_LIMITS_H 1
#define HAVE_UNISTD_H 1
#define HAVE__BOOL 1

configure: exit 0
